<?xml version="1.0" encoding="UTF-8"?>
<testsuite xmlns:xsi="http://www.w3.org/2001/XMLSchema-instance" xsi:noNamespaceSchemaLocation="https://maven.apache.org/surefire/maven-surefire-plugin/xsd/surefire-test-report-3.0.xsd" version="3.0" name="com.digitalart.integration.controller.UserControllerTest" time="1.552" tests="4" errors="0" skipped="0" failures="0">
  <properties>
[...]
</properties>
  <testcase name="topUpBalance_shouldSucceed" classname="com.digitalart.integration.controller.UserControllerTest" time="0.024">
    <system-out><![CDATA[2026-05-12T02:30:14.097+03:00  INFO 18688 --- [           main] t.c.s.AnnotationConfigContextLoaderUtils : Could not detect default configuration classes for test class [com.digitalart.integration.controller.UserControllerTest]: UserControllerTest does not declare any static, non-private, non-final, nested classes annotated with @Configuration.
2026-05-12T02:30:14.103+03:00  INFO 18688 --- [           main] .b.t.c.SpringBootTestContextBootstrapper : Found @SpringBootConfiguration com.digitalart.DigitalArtApplication for test class com.digitalart.integration.controller.UserControllerTest

  .   ____          _            __ _ _
 /\\ / ___'_ __ _ _(_)_ __  __ _ \ \ \ \
( ( )\___ | '_ | '_| | '_ \/ _` | \ \ \ \
 \\/  ___)| |_)| | | | | || (_| |  ) ) ) )
  '  |____| .__|_| |_|_| |_\__, | / / / /
 =========|_|==============|___/=/_/_/_/
 :: Spring Boot ::                (v3.2.4)

2026-05-12T02:30:14.142+03:00  INFO 18688 --- [           main] c.d.i.controller.UserControllerTest      : Starting UserControllerTest using Java 21.0.10 with PID 18688 (started by user in C:\Users\user\Desktop\БГУИР\Семестр 6\РИС\РИС_КР\backend)
2026-05-12T02:30:14.142+03:00 DEBUG 18688 --- [           main] c.d.i.controller.UserControllerTest      : Running with Spring Boot v3.2.4, Spring v6.1.5
2026-05-12T02:30:14.142+03:00  INFO 18688 --- [           main] c.d.i.controller.UserControllerTest      : The following 1 profile is active: "test"
2026-05-12T02:30:14.517+03:00  INFO 18688 --- [           main] .s.d.r.c.RepositoryConfigurationDelegate : Bootstrapping Spring Data JPA repositories in DEFAULT mode.
2026-05-12T02:30:14.570+03:00  INFO 18688 --- [           main] .s.d.r.c.RepositoryConfigurationDelegate : Finished Spring Data repository scanning in 52 ms. Found 11 JPA repository interfaces.
2026-05-12T02:30:14.708+03:00  INFO 18688 --- [           main] o.hibernate.jpa.internal.util.LogHelper  : HHH000204: Processing PersistenceUnitInfo [name: default]
2026-05-12T02:30:14.715+03:00  INFO 18688 --- [           main] o.h.c.internal.RegionFactoryInitiator    : HHH000026: Second-level cache disabled
2026-05-12T02:30:14.724+03:00  INFO 18688 --- [           main] o.s.o.j.p.SpringPersistenceUnitInfo      : No LoadTimeWeaver setup: ignoring JPA class transformer
2026-05-12T02:30:14.725+03:00  INFO 18688 --- [           main] com.zaxxer.hikari.HikariDataSource       : HikariPool-8 - Starting...
2026-05-12T02:30:14.727+03:00  INFO 18688 --- [           main] com.zaxxer.hikari.pool.HikariPool        : HikariPool-8 - Added connection conn70: url=jdbc:h2:mem:testdb user=SA
2026-05-12T02:30:14.728+03:00  INFO 18688 --- [           main] com.zaxxer.hikari.HikariDataSource       : HikariPool-8 - Start completed.
2026-05-12T02:30:14.728+03:00  WARN 18688 --- [           main] org.hibernate.dialect.Dialect            : HHH000511: The 2.2.0 version for [org.hibernate.dialect.PostgreSQLDialect] is no longer supported, hence certain features may not work properly. The minimum supported version is 12.0.0. Check the community dialects project for available legacy versions.
2026-05-12T02:30:14.729+03:00  WARN 18688 --- [           main] org.hibernate.orm.deprecation            : HHH90000025: PostgreSQLDialect does not need to be specified explicitly using 'hibernate.dialect' (remove the property setting and it will be selected by default)
2026-05-12T02:30:14.981+03:00  INFO 18688 --- [           main] o.h.e.t.j.p.i.JtaPlatformInitiator       : HHH000489: No JTA platform available (set 'hibernate.transaction.jta.platform' to enable JTA platform integration)
2026-05-12T02:30:15.029+03:00  INFO 18688 --- [           main] j.LocalContainerEntityManagerFactoryBean : Initialized JPA EntityManagerFactory for persistence unit 'default'
2026-05-12T02:30:15.333+03:00  WARN 18688 --- [           main] JpaBaseConfiguration$JpaWebConfiguration : spring.jpa.open-in-view is enabled by default. Therefore, database queries may be performed during view rendering. Explicitly configure spring.jpa.open-in-view to disable this warning
2026-05-12T02:30:15.446+03:00  INFO 18688 --- [           main] o.s.s.web.DefaultSecurityFilterChain     : Will secure any request with [org.springframework.security.web.session.DisableEncodeUrlFilter@76f82103, org.springframework.security.web.context.request.async.WebAsyncManagerIntegrationFilter@3f0ce5a5, org.springframework.security.web.context.SecurityContextHolderFilter@7e716732, org.springframework.security.web.header.HeaderWriterFilter@6c0ca14b, org.springframework.web.filter.CorsFilter@4346f6f1, org.springframework.security.web.authentication.logout.LogoutFilter@794ce954, org.springframework.security.oauth2.client.web.OAuth2AuthorizationRequestRedirectFilter@48e68a07, org.springframework.security.oauth2.client.web.OAuth2LoginAuthenticationFilter@567edc06, com.digitalart.shared.security.JwtAuthenticationFilter@64faa3be, org.springframework.security.web.authentication.ui.DefaultLoginPageGeneratingFilter@538cca52, org.springframework.security.web.authentication.ui.DefaultLogoutPageGeneratingFilter@63788c73, org.springframework.security.web.savedrequest.RequestCacheAwareFilter@5ba08054, org.springframework.security.web.servletapi.SecurityContextHolderAwareRequestFilter@522f6492, org.springframework.security.web.authentication.AnonymousAuthenticationFilter@54bf5926, org.springframework.security.web.session.SessionManagementFilter@15d29e03, org.springframework.security.web.access.ExceptionTranslationFilter@c953c34, org.springframework.security.web.access.intercept.AuthorizationFilter@6505971e]
2026-05-12T02:30:15.570+03:00 DEBUG 18688 --- [           main] c.d.s.security.JwtAuthenticationFilter   : Filter 'jwtAuthenticationFilter' configured for use
2026-05-12T02:30:15.570+03:00  INFO 18688 --- [           main] o.s.b.t.m.w.SpringBootMockServletContext : Initializing Spring TestDispatcherServlet ''
2026-05-12T02:30:15.570+03:00  INFO 18688 --- [           main] o.s.t.web.servlet.TestDispatcherServlet  : Initializing Servlet ''
2026-05-12T02:30:15.571+03:00  INFO 18688 --- [           main] o.s.t.web.servlet.TestDispatcherServlet  : Completed initialization in 1 ms
2026-05-12T02:30:15.580+03:00  INFO 18688 --- [           main] c.d.i.controller.UserControllerTest      : Started UserControllerTest in 1.472 seconds (process running for 41.543)
2026-05-12T02:30:15.590+03:00 DEBUG 18688 --- [           main] o.s.security.web.FilterChainProxy        : Securing POST /api/users/top-up
2026-05-12T02:30:15.590+03:00 DEBUG 18688 --- [           main] o.s.security.web.FilterChainProxy        : Secured POST /api/users/top-up
]]></system-out>
  </testcase>
  <testcase name="getUserProfile_shouldReturnProfile" classname="com.digitalart.integration.controller.UserControllerTest" time="0.012">
    <system-out><![CDATA[2026-05-12T02:30:15.614+03:00 DEBUG 18688 --- [           main] o.s.security.web.FilterChainProxy        : Securing GET /api/users/1/profile
2026-05-12T02:30:15.614+03:00 DEBUG 18688 --- [           main] o.s.security.web.FilterChainProxy        : Secured GET /api/users/1/profile
]]></system-out>
  </testcase>
  <testcase name="getMe_shouldReturnUser" classname="com.digitalart.integration.controller.UserControllerTest" time="0.01">
    <system-out><![CDATA[2026-05-12T02:30:15.626+03:00 DEBUG 18688 --- [           main] o.s.security.web.FilterChainProxy        : Securing GET /api/users/me
2026-05-12T02:30:15.627+03:00 DEBUG 18688 --- [           main] o.s.security.web.FilterChainProxy        : Secured GET /api/users/me
]]></system-out>
  </testcase>
  <testcase name="upgradeToArtist_shouldSucceed" classname="com.digitalart.integration.controller.UserControllerTest" time="0.013">
    <system-out><![CDATA[2026-05-12T02:30:15.640+03:00 DEBUG 18688 --- [           main] o.s.security.web.FilterChainProxy        : Securing POST /api/users/upgrade-to-artist
2026-05-12T02:30:15.641+03:00 DEBUG 18688 --- [           main] o.s.security.web.FilterChainProxy        : Secured POST /api/users/upgrade-to-artist
]]></system-out>
  </testcase>
</testsuite>