<?xml version="1.0" encoding="UTF-8"?>
<testsuite xmlns:xsi="http://www.w3.org/2001/XMLSchema-instance" xsi:noNamespaceSchemaLocation="https://maven.apache.org/surefire/maven-surefire-plugin/xsd/surefire-test-report-3.0.xsd" version="3.0" name="com.digitalart.integration.controller.AdminControllerTest" time="18.332" tests="14" errors="0" skipped="0" failures="0">
  <properties>
[...]
</properties>
  <testcase name="getStatistics_shouldReturnStats" classname="com.digitalart.integration.controller.AdminControllerTest" time="0.379">
    <system-out><![CDATA[02:29:44.016 [main] INFO org.springframework.test.context.support.AnnotationConfigContextLoaderUtils -- Could not detect default configuration classes for test class [com.digitalart.integration.controller.AdminControllerTest]: AdminControllerTest does not declare any static, non-private, non-final, nested classes annotated with @Configuration.
02:29:44.527 [main] INFO org.springframework.boot.test.context.SpringBootTestContextBootstrapper -- Found @SpringBootConfiguration com.digitalart.DigitalArtApplication for test class com.digitalart.integration.controller.AdminControllerTest

  .   ____          _            __ _ _
 /\\ / ___'_ __ _ _(_)_ __  __ _ \ \ \ \
( ( )\___ | '_ | '_| | '_ \/ _` | \ \ \ \
 \\/  ___)| |_)| | | | | || (_| |  ) ) ) )
  '  |____| .__|_| |_|_| |_\__, | / / / /
 =========|_|==============|___/=/_/_/_/
 :: Spring Boot ::                (v3.2.4)

2026-05-12T02:29:45.995+03:00  INFO 18688 --- [           main] c.d.i.controller.AdminControllerTest     : Starting AdminControllerTest using Java 21.0.10 with PID 18688 (started by user in C:\Users\user\Desktop\БГУИР\Семестр 6\РИС\РИС_КР\backend)
2026-05-12T02:29:45.997+03:00 DEBUG 18688 --- [           main] c.d.i.controller.AdminControllerTest     : Running with Spring Boot v3.2.4, Spring v6.1.5
2026-05-12T02:29:45.998+03:00  INFO 18688 --- [           main] c.d.i.controller.AdminControllerTest     : The following 1 profile is active: "test"
2026-05-12T02:29:48.635+03:00  INFO 18688 --- [           main] .s.d.r.c.RepositoryConfigurationDelegate : Bootstrapping Spring Data JPA repositories in DEFAULT mode.
2026-05-12T02:29:48.842+03:00  INFO 18688 --- [           main] .s.d.r.c.RepositoryConfigurationDelegate : Finished Spring Data repository scanning in 183 ms. Found 11 JPA repository interfaces.
2026-05-12T02:29:50.650+03:00  INFO 18688 --- [           main] o.hibernate.jpa.internal.util.LogHelper  : HHH000204: Processing PersistenceUnitInfo [name: default]
2026-05-12T02:29:50.838+03:00  INFO 18688 --- [           main] org.hibernate.Version                    : HHH000412: Hibernate ORM core version 6.4.4.Final
2026-05-12T02:29:50.938+03:00  INFO 18688 --- [           main] o.h.c.internal.RegionFactoryInitiator    : HHH000026: Second-level cache disabled
2026-05-12T02:29:51.340+03:00  INFO 18688 --- [           main] o.s.o.j.p.SpringPersistenceUnitInfo      : No LoadTimeWeaver setup: ignoring JPA class transformer
2026-05-12T02:29:51.412+03:00  INFO 18688 --- [           main] com.zaxxer.hikari.HikariDataSource       : HikariPool-1 - Starting...
2026-05-12T02:29:52.114+03:00  INFO 18688 --- [           main] com.zaxxer.hikari.pool.HikariPool        : HikariPool-1 - Added connection conn0: url=jdbc:h2:mem:testdb user=SA
2026-05-12T02:29:52.119+03:00  INFO 18688 --- [           main] com.zaxxer.hikari.HikariDataSource       : HikariPool-1 - Start completed.
2026-05-12T02:29:52.209+03:00  WARN 18688 --- [           main] org.hibernate.dialect.Dialect            : HHH000511: The 2.2.0 version for [org.hibernate.dialect.PostgreSQLDialect] is no longer supported, hence certain features may not work properly. The minimum supported version is 12.0.0. Check the community dialects project for available legacy versions.
2026-05-12T02:29:52.230+03:00  WARN 18688 --- [           main] org.hibernate.orm.deprecation            : HHH90000025: PostgreSQLDialect does not need to be specified explicitly using 'hibernate.dialect' (remove the property setting and it will be selected by default)
2026-05-12T02:29:55.108+03:00  INFO 18688 --- [           main] o.h.e.t.j.p.i.JtaPlatformInitiator       : HHH000489: No JTA platform available (set 'hibernate.transaction.jta.platform' to enable JTA platform integration)
2026-05-12T02:29:55.296+03:00  INFO 18688 --- [           main] j.LocalContainerEntityManagerFactoryBean : Initialized JPA EntityManagerFactory for persistence unit 'default'
2026-05-12T02:29:57.100+03:00  INFO 18688 --- [           main] o.s.d.j.r.query.QueryEnhancerFactory     : Hibernate is in classpath; If applicable, HQL parser will be used.
2026-05-12T02:29:58.745+03:00  WARN 18688 --- [           main] JpaBaseConfiguration$JpaWebConfiguration : spring.jpa.open-in-view is enabled by default. Therefore, database queries may be performed during view rendering. Explicitly configure spring.jpa.open-in-view to disable this warning
2026-05-12T02:29:59.714+03:00  INFO 18688 --- [           main] o.s.s.web.DefaultSecurityFilterChain     : Will secure any request with [org.springframework.security.web.session.DisableEncodeUrlFilter@3773524e, org.springframework.security.web.context.request.async.WebAsyncManagerIntegrationFilter@752b4fb8, org.springframework.security.web.context.SecurityContextHolderFilter@7f946ac, org.springframework.security.web.header.HeaderWriterFilter@711adbf2, org.springframework.web.filter.CorsFilter@578d481b, org.springframework.security.web.authentication.logout.LogoutFilter@93794c0, org.springframework.security.oauth2.client.web.OAuth2AuthorizationRequestRedirectFilter@77a8ec44, org.springframework.security.oauth2.client.web.OAuth2LoginAuthenticationFilter@50d25909, com.digitalart.shared.security.JwtAuthenticationFilter@45174eba, org.springframework.security.web.authentication.ui.DefaultLoginPageGeneratingFilter@447b916, org.springframework.security.web.authentication.ui.DefaultLogoutPageGeneratingFilter@74bd4843, org.springframework.security.web.savedrequest.RequestCacheAwareFilter@6384c81e, org.springframework.security.web.servletapi.SecurityContextHolderAwareRequestFilter@389a30e4, org.springframework.security.web.authentication.AnonymousAuthenticationFilter@597185b8, org.springframework.security.web.session.SessionManagementFilter@3c060ac0, org.springframework.security.web.access.ExceptionTranslationFilter@2c1c856a, org.springframework.security.web.access.intercept.AuthorizationFilter@27de2046]
2026-05-12T02:30:00.623+03:00 DEBUG 18688 --- [           main] c.d.s.security.JwtAuthenticationFilter   : Filter 'jwtAuthenticationFilter' configured for use
2026-05-12T02:30:00.625+03:00  INFO 18688 --- [           main] o.s.b.t.m.w.SpringBootMockServletContext : Initializing Spring TestDispatcherServlet ''
2026-05-12T02:30:00.625+03:00  INFO 18688 --- [           main] o.s.t.web.servlet.TestDispatcherServlet  : Initializing Servlet ''
2026-05-12T02:30:00.627+03:00  INFO 18688 --- [           main] o.s.t.web.servlet.TestDispatcherServlet  : Completed initialization in 1 ms
2026-05-12T02:30:00.672+03:00  INFO 18688 --- [           main] c.d.i.controller.AdminControllerTest     : Started AdminControllerTest in 15.583 seconds (process running for 26.635)
2026-05-12T02:30:00.774+03:00 DEBUG 18688 --- [           main] o.s.security.web.FilterChainProxy        : Securing GET /api/admin/statistics
2026-05-12T02:30:00.787+03:00 DEBUG 18688 --- [           main] o.s.security.web.FilterChainProxy        : Secured GET /api/admin/statistics
2026-05-12T02:30:00.819+03:00 DEBUG 18688 --- [           main] horizationManagerBeforeMethodInterceptor : Authorizing method invocation ReflectiveMethodInvocation: public org.springframework.http.ResponseEntity com.digitalart.admin.presentation.AdminController.getStatistics(); target is of class [com.digitalart.admin.presentation.AdminController]
2026-05-12T02:30:00.839+03:00 DEBUG 18688 --- [           main] horizationManagerBeforeMethodInterceptor : Authorized method invocation ReflectiveMethodInvocation: public org.springframework.http.ResponseEntity com.digitalart.admin.presentation.AdminController.getStatistics(); target is of class [com.digitalart.admin.presentation.AdminController]
]]></system-out>
  </testcase>
  <testcase name="adminEndpoints_shouldReturn403_forNonAdmin" classname="com.digitalart.integration.controller.AdminControllerTest" time="0.044">
    <system-out><![CDATA[2026-05-12T02:30:01.098+03:00 DEBUG 18688 --- [           main] o.s.security.web.FilterChainProxy        : Securing GET /api/admin/users
2026-05-12T02:30:01.099+03:00 DEBUG 18688 --- [           main] o.s.security.web.FilterChainProxy        : Secured GET /api/admin/users
2026-05-12T02:30:01.102+03:00 DEBUG 18688 --- [           main] horizationManagerBeforeMethodInterceptor : Authorizing method invocation ReflectiveMethodInvocation: public org.springframework.http.ResponseEntity com.digitalart.admin.presentation.AdminController.getAllUsers(); target is of class [com.digitalart.admin.presentation.AdminController]
2026-05-12T02:30:01.107+03:00 DEBUG 18688 --- [           main] horizationManagerBeforeMethodInterceptor : Failed to authorize ReflectiveMethodInvocation: public org.springframework.http.ResponseEntity com.digitalart.admin.presentation.AdminController.getAllUsers(); target is of class [com.digitalart.admin.presentation.AdminController] with authorization manager org.springframework.security.config.annotation.method.configuration.DeferringObservationAuthorizationManager@3c8de40a and decision ExpressionAuthorizationDecision [granted=false, expressionAttribute=hasRole('ADMIN')]
]]></system-out>
  </testcase>
  <testcase name="generateOrdersReport_shouldReturnCsv" classname="com.digitalart.integration.controller.AdminControllerTest" time="0.029">
    <system-out><![CDATA[2026-05-12T02:30:01.146+03:00 DEBUG 18688 --- [           main] o.s.security.web.FilterChainProxy        : Securing GET /api/admin/reports/orders
2026-05-12T02:30:01.146+03:00 DEBUG 18688 --- [           main] o.s.security.web.FilterChainProxy        : Secured GET /api/admin/reports/orders
2026-05-12T02:30:01.147+03:00 DEBUG 18688 --- [           main] horizationManagerBeforeMethodInterceptor : Authorizing method invocation ReflectiveMethodInvocation: public org.springframework.http.ResponseEntity com.digitalart.admin.presentation.AdminController.exportOrdersReport(); target is of class [com.digitalart.admin.presentation.AdminController]
2026-05-12T02:30:01.150+03:00 DEBUG 18688 --- [           main] horizationManagerBeforeMethodInterceptor : Authorized method invocation ReflectiveMethodInvocation: public org.springframework.http.ResponseEntity com.digitalart.admin.presentation.AdminController.exportOrdersReport(); target is of class [com.digitalart.admin.presentation.AdminController]
]]></system-out>
  </testcase>
  <testcase name="toggleUserRole_shouldSucceed" classname="com.digitalart.integration.controller.AdminControllerTest" time="0.082">
    <system-out><![CDATA[2026-05-12T02:30:01.179+03:00 DEBUG 18688 --- [           main] o.s.security.web.FilterChainProxy        : Securing POST /api/admin/users/1/toggle-role
2026-05-12T02:30:01.180+03:00 DEBUG 18688 --- [           main] o.s.security.web.FilterChainProxy        : Secured POST /api/admin/users/1/toggle-role
2026-05-12T02:30:01.231+03:00 DEBUG 18688 --- [           main] horizationManagerBeforeMethodInterceptor : Authorizing method invocation ReflectiveMethodInvocation: public org.springframework.http.ResponseEntity com.digitalart.admin.presentation.AdminController.toggleRole(java.lang.Long,java.util.Map); target is of class [com.digitalart.admin.presentation.AdminController]
2026-05-12T02:30:01.232+03:00 DEBUG 18688 --- [           main] horizationManagerBeforeMethodInterceptor : Authorized method invocation ReflectiveMethodInvocation: public org.springframework.http.ResponseEntity com.digitalart.admin.presentation.AdminController.toggleRole(java.lang.Long,java.util.Map); target is of class [com.digitalart.admin.presentation.AdminController]
]]></system-out>
  </testcase>
  <testcase name="generateArtistsReport_shouldReturnCsv" classname="com.digitalart.integration.controller.AdminControllerTest" time="0.02">
    <system-out><![CDATA[2026-05-12T02:30:01.263+03:00 DEBUG 18688 --- [           main] o.s.security.web.FilterChainProxy        : Securing GET /api/admin/reports/artists
2026-05-12T02:30:01.263+03:00 DEBUG 18688 --- [           main] o.s.security.web.FilterChainProxy        : Secured GET /api/admin/reports/artists
2026-05-12T02:30:01.264+03:00 DEBUG 18688 --- [           main] horizationManagerBeforeMethodInterceptor : Authorizing method invocation ReflectiveMethodInvocation: public org.springframework.http.ResponseEntity com.digitalart.admin.presentation.AdminController.exportArtistsReport(); target is of class [com.digitalart.admin.presentation.AdminController]
2026-05-12T02:30:01.265+03:00 DEBUG 18688 --- [           main] horizationManagerBeforeMethodInterceptor : Authorized method invocation ReflectiveMethodInvocation: public org.springframework.http.ResponseEntity com.digitalart.admin.presentation.AdminController.exportArtistsReport(); target is of class [com.digitalart.admin.presentation.AdminController]
]]></system-out>
  </testcase>
  <testcase name="generateArtworksReport_shouldReturnCsv" classname="com.digitalart.integration.controller.AdminControllerTest" time="0.018">
    <system-out><![CDATA[2026-05-12T02:30:01.286+03:00 DEBUG 18688 --- [           main] o.s.security.web.FilterChainProxy        : Securing GET /api/admin/reports/artworks
2026-05-12T02:30:01.287+03:00 DEBUG 18688 --- [           main] o.s.security.web.FilterChainProxy        : Secured GET /api/admin/reports/artworks
2026-05-12T02:30:01.288+03:00 DEBUG 18688 --- [           main] horizationManagerBeforeMethodInterceptor : Authorizing method invocation ReflectiveMethodInvocation: public org.springframework.http.ResponseEntity com.digitalart.admin.presentation.AdminController.exportArtworksReport(); target is of class [com.digitalart.admin.presentation.AdminController]
2026-05-12T02:30:01.289+03:00 DEBUG 18688 --- [           main] horizationManagerBeforeMethodInterceptor : Authorized method invocation ReflectiveMethodInvocation: public org.springframework.http.ResponseEntity com.digitalart.admin.presentation.AdminController.exportArtworksReport(); target is of class [com.digitalart.admin.presentation.AdminController]
]]></system-out>
  </testcase>
  <testcase name="updateUser_shouldSucceed" classname="com.digitalart.integration.controller.AdminControllerTest" time="0.037">
    <system-out><![CDATA[2026-05-12T02:30:01.316+03:00 DEBUG 18688 --- [           main] o.s.security.web.FilterChainProxy        : Securing PUT /api/admin/users/1
2026-05-12T02:30:01.317+03:00 DEBUG 18688 --- [           main] o.s.security.web.FilterChainProxy        : Secured PUT /api/admin/users/1
2026-05-12T02:30:01.325+03:00 DEBUG 18688 --- [           main] horizationManagerBeforeMethodInterceptor : Authorizing method invocation ReflectiveMethodInvocation: public org.springframework.http.ResponseEntity com.digitalart.admin.presentation.AdminController.updateUser(java.lang.Long,java.util.Map); target is of class [com.digitalart.admin.presentation.AdminController]
2026-05-12T02:30:01.326+03:00 DEBUG 18688 --- [           main] horizationManagerBeforeMethodInterceptor : Authorized method invocation ReflectiveMethodInvocation: public org.springframework.http.ResponseEntity com.digitalart.admin.presentation.AdminController.updateUser(java.lang.Long,java.util.Map); target is of class [com.digitalart.admin.presentation.AdminController]
]]></system-out>
  </testcase>
  <testcase name="generateRevenueReport_shouldReturnCsv" classname="com.digitalart.integration.controller.AdminControllerTest" time="0.017">
    <system-out><![CDATA[2026-05-12T02:30:01.346+03:00 DEBUG 18688 --- [           main] o.s.security.web.FilterChainProxy        : Securing GET /api/admin/reports/revenue
2026-05-12T02:30:01.347+03:00 DEBUG 18688 --- [           main] o.s.security.web.FilterChainProxy        : Secured GET /api/admin/reports/revenue
2026-05-12T02:30:01.348+03:00 DEBUG 18688 --- [           main] horizationManagerBeforeMethodInterceptor : Authorizing method invocation ReflectiveMethodInvocation: public org.springframework.http.ResponseEntity com.digitalart.admin.presentation.AdminController.exportRevenueReport(); target is of class [com.digitalart.admin.presentation.AdminController]
2026-05-12T02:30:01.349+03:00 DEBUG 18688 --- [           main] horizationManagerBeforeMethodInterceptor : Authorized method invocation ReflectiveMethodInvocation: public org.springframework.http.ResponseEntity com.digitalart.admin.presentation.AdminController.exportRevenueReport(); target is of class [com.digitalart.admin.presentation.AdminController]
]]></system-out>
  </testcase>
  <testcase name="getAllUsers_shouldReturnList" classname="com.digitalart.integration.controller.AdminControllerTest" time="0.033">
    <system-out><![CDATA[2026-05-12T02:30:01.366+03:00 DEBUG 18688 --- [           main] o.s.security.web.FilterChainProxy        : Securing GET /api/admin/users
2026-05-12T02:30:01.366+03:00 DEBUG 18688 --- [           main] o.s.security.web.FilterChainProxy        : Secured GET /api/admin/users
2026-05-12T02:30:01.368+03:00 DEBUG 18688 --- [           main] horizationManagerBeforeMethodInterceptor : Authorizing method invocation ReflectiveMethodInvocation: public org.springframework.http.ResponseEntity com.digitalart.admin.presentation.AdminController.getAllUsers(); target is of class [com.digitalart.admin.presentation.AdminController]
2026-05-12T02:30:01.368+03:00 DEBUG 18688 --- [           main] horizationManagerBeforeMethodInterceptor : Authorized method invocation ReflectiveMethodInvocation: public org.springframework.http.ResponseEntity com.digitalart.admin.presentation.AdminController.getAllUsers(); target is of class [com.digitalart.admin.presentation.AdminController]
]]></system-out>
  </testcase>
  <testcase name="generateUsersReport_shouldReturnCsv" classname="com.digitalart.integration.controller.AdminControllerTest" time="0.032">
    <system-out><![CDATA[2026-05-12T02:30:01.401+03:00 DEBUG 18688 --- [           main] o.s.security.web.FilterChainProxy        : Securing GET /api/admin/reports/users
2026-05-12T02:30:01.403+03:00 DEBUG 18688 --- [           main] o.s.security.web.FilterChainProxy        : Secured GET /api/admin/reports/users
2026-05-12T02:30:01.405+03:00 DEBUG 18688 --- [           main] horizationManagerBeforeMethodInterceptor : Authorizing method invocation ReflectiveMethodInvocation: public org.springframework.http.ResponseEntity com.digitalart.admin.presentation.AdminController.exportUsersReport(); target is of class [com.digitalart.admin.presentation.AdminController]
2026-05-12T02:30:01.406+03:00 DEBUG 18688 --- [           main] horizationManagerBeforeMethodInterceptor : Authorized method invocation ReflectiveMethodInvocation: public org.springframework.http.ResponseEntity com.digitalart.admin.presentation.AdminController.exportUsersReport(); target is of class [com.digitalart.admin.presentation.AdminController]
]]></system-out>
  </testcase>
  <testcase name="deleteArtwork_withOrders_shouldReturn400" classname="com.digitalart.integration.controller.AdminControllerTest" time="0.027">
    <system-out><![CDATA[2026-05-12T02:30:01.440+03:00 DEBUG 18688 --- [           main] o.s.security.web.FilterChainProxy        : Securing DELETE /api/admin/artworks/1
2026-05-12T02:30:01.441+03:00 DEBUG 18688 --- [           main] o.s.security.web.FilterChainProxy        : Secured DELETE /api/admin/artworks/1
2026-05-12T02:30:01.445+03:00 DEBUG 18688 --- [           main] horizationManagerBeforeMethodInterceptor : Authorizing method invocation ReflectiveMethodInvocation: public org.springframework.http.ResponseEntity com.digitalart.admin.presentation.AdminController.deleteArtwork(java.lang.Long); target is of class [com.digitalart.admin.presentation.AdminController]
2026-05-12T02:30:01.446+03:00 DEBUG 18688 --- [           main] horizationManagerBeforeMethodInterceptor : Authorized method invocation ReflectiveMethodInvocation: public org.springframework.http.ResponseEntity com.digitalart.admin.presentation.AdminController.deleteArtwork(java.lang.Long); target is of class [com.digitalart.admin.presentation.AdminController]
]]></system-out>
  </testcase>
  <testcase name="deleteArtwork_shouldReturn204" classname="com.digitalart.integration.controller.AdminControllerTest" time="0.015">
    <system-out><![CDATA[2026-05-12T02:30:01.463+03:00 DEBUG 18688 --- [           main] o.s.security.web.FilterChainProxy        : Securing DELETE /api/admin/artworks/1
2026-05-12T02:30:01.464+03:00 DEBUG 18688 --- [           main] o.s.security.web.FilterChainProxy        : Secured DELETE /api/admin/artworks/1
2026-05-12T02:30:01.466+03:00 DEBUG 18688 --- [           main] horizationManagerBeforeMethodInterceptor : Authorizing method invocation ReflectiveMethodInvocation: public org.springframework.http.ResponseEntity com.digitalart.admin.presentation.AdminController.deleteArtwork(java.lang.Long); target is of class [com.digitalart.admin.presentation.AdminController]
2026-05-12T02:30:01.467+03:00 DEBUG 18688 --- [           main] horizationManagerBeforeMethodInterceptor : Authorized method invocation ReflectiveMethodInvocation: public org.springframework.http.ResponseEntity com.digitalart.admin.presentation.AdminController.deleteArtwork(java.lang.Long); target is of class [com.digitalart.admin.presentation.AdminController]
]]></system-out>
  </testcase>
  <testcase name="getDetailedStatistics_shouldReturnDetails" classname="com.digitalart.integration.controller.AdminControllerTest" time="0.047">
    <system-out><![CDATA[2026-05-12T02:30:01.482+03:00 DEBUG 18688 --- [           main] o.s.security.web.FilterChainProxy        : Securing GET /api/admin/statistics/detailed
2026-05-12T02:30:01.484+03:00 DEBUG 18688 --- [           main] o.s.security.web.FilterChainProxy        : Secured GET /api/admin/statistics/detailed
2026-05-12T02:30:01.486+03:00 DEBUG 18688 --- [           main] horizationManagerBeforeMethodInterceptor : Authorizing method invocation ReflectiveMethodInvocation: public org.springframework.http.ResponseEntity com.digitalart.admin.presentation.AdminController.getDetailedStatistics(); target is of class [com.digitalart.admin.presentation.AdminController]
2026-05-12T02:30:01.487+03:00 DEBUG 18688 --- [           main] horizationManagerBeforeMethodInterceptor : Authorized method invocation ReflectiveMethodInvocation: public org.springframework.http.ResponseEntity com.digitalart.admin.presentation.AdminController.getDetailedStatistics(); target is of class [com.digitalart.admin.presentation.AdminController]
]]></system-out>
  </testcase>
  <testcase name="deleteUser_shouldReturn204" classname="com.digitalart.integration.controller.AdminControllerTest" time="0.015">
    <system-out><![CDATA[2026-05-12T02:30:01.531+03:00 DEBUG 18688 --- [           main] o.s.security.web.FilterChainProxy        : Securing DELETE /api/admin/users/2
2026-05-12T02:30:01.532+03:00 DEBUG 18688 --- [           main] o.s.security.web.FilterChainProxy        : Secured DELETE /api/admin/users/2
2026-05-12T02:30:01.533+03:00 DEBUG 18688 --- [           main] horizationManagerBeforeMethodInterceptor : Authorizing method invocation ReflectiveMethodInvocation: public org.springframework.http.ResponseEntity com.digitalart.admin.presentation.AdminController.deleteUser(java.lang.Long); target is of class [com.digitalart.admin.presentation.AdminController]
2026-05-12T02:30:01.534+03:00 DEBUG 18688 --- [           main] horizationManagerBeforeMethodInterceptor : Authorized method invocation ReflectiveMethodInvocation: public org.springframework.http.ResponseEntity com.digitalart.admin.presentation.AdminController.deleteUser(java.lang.Long); target is of class [com.digitalart.admin.presentation.AdminController]
]]></system-out>
  </testcase>
</testsuite>