<?xml version="1.0" encoding="UTF-8"?>
<testsuite xmlns:xsi="http://www.w3.org/2001/XMLSchema-instance" xsi:noNamespaceSchemaLocation="https://maven.apache.org/surefire/maven-surefire-plugin/xsd/surefire-test-report-3.0.xsd" version="3.0" name="com.digitalart.integration.repository.ArtworkRepositoryTest" time="1.284" tests="3" errors="0" skipped="0" failures="0">
  <properties>
[...]
</properties>
  <testcase name="saveAndFindById_shouldWork" classname="com.digitalart.integration.repository.ArtworkRepositoryTest" time="0.174">
    <system-out><![CDATA[2026-05-12T02:30:17.269+03:00  INFO 18688 --- [           main] t.c.s.AnnotationConfigContextLoaderUtils : Could not detect default configuration classes for test class [com.digitalart.integration.repository.ArtworkRepositoryTest]: ArtworkRepositoryTest does not declare any static, non-private, non-final, nested classes annotated with @Configuration.
2026-05-12T02:30:17.320+03:00  INFO 18688 --- [           main] .b.t.c.SpringBootTestContextBootstrapper : Found @SpringBootConfiguration com.digitalart.DigitalArtApplication for test class com.digitalart.integration.repository.ArtworkRepositoryTest

  .   ____          _            __ _ _
 /\\ / ___'_ __ _ _(_)_ __  __ _ \ \ \ \
( ( )\___ | '_ | '_| | '_ \/ _` | \ \ \ \
 \\/  ___)| |_)| | | | | || (_| |  ) ) ) )
  '  |____| .__|_| |_|_| |_\__, | / / / /
 =========|_|==============|___/=/_/_/_/
 :: Spring Boot ::                (v3.2.4)

2026-05-12T02:30:17.348+03:00  INFO 18688 --- [           main] c.d.i.repository.ArtworkRepositoryTest   : Starting ArtworkRepositoryTest using Java 21.0.10 with PID 18688 (started by user in C:\Users\user\Desktop\БГУИР\Семестр 6\РИС\РИС_КР\backend)
2026-05-12T02:30:17.348+03:00 DEBUG 18688 --- [           main] c.d.i.repository.ArtworkRepositoryTest   : Running with Spring Boot v3.2.4, Spring v6.1.5
2026-05-12T02:30:17.348+03:00  INFO 18688 --- [           main] c.d.i.repository.ArtworkRepositoryTest   : The following 1 profile is active: "test"
2026-05-12T02:30:17.505+03:00  INFO 18688 --- [           main] .s.d.r.c.RepositoryConfigurationDelegate : Bootstrapping Spring Data JPA repositories in DEFAULT mode.
2026-05-12T02:30:17.547+03:00  INFO 18688 --- [           main] .s.d.r.c.RepositoryConfigurationDelegate : Finished Spring Data repository scanning in 40 ms. Found 11 JPA repository interfaces.
2026-05-12T02:30:17.561+03:00  INFO 18688 --- [           main] beddedDataSourceBeanFactoryPostProcessor : Replacing 'dataSource' DataSource bean with embedded version
2026-05-12T02:30:17.599+03:00  INFO 18688 --- [           main] o.s.j.d.e.EmbeddedDatabaseFactory        : Starting embedded database: url='jdbc:h2:mem:2f726182-b9cf-4e01-bc6b-ea50f391b208;DB_CLOSE_DELAY=-1;DB_CLOSE_ON_EXIT=false', username='sa'
2026-05-12T02:30:17.636+03:00  INFO 18688 --- [           main] o.hibernate.jpa.internal.util.LogHelper  : HHH000204: Processing PersistenceUnitInfo [name: default]
2026-05-12T02:30:17.640+03:00  INFO 18688 --- [           main] o.h.c.internal.RegionFactoryInitiator    : HHH000026: Second-level cache disabled
2026-05-12T02:30:17.652+03:00  INFO 18688 --- [           main] o.s.o.j.p.SpringPersistenceUnitInfo      : No LoadTimeWeaver setup: ignoring JPA class transformer
2026-05-12T02:30:17.654+03:00  WARN 18688 --- [           main] org.hibernate.dialect.Dialect            : HHH000511: The 2.2.0 version for [org.hibernate.dialect.PostgreSQLDialect] is no longer supported, hence certain features may not work properly. The minimum supported version is 12.0.0. Check the community dialects project for available legacy versions.
2026-05-12T02:30:17.654+03:00  WARN 18688 --- [           main] org.hibernate.orm.deprecation            : HHH90000025: PostgreSQLDialect does not need to be specified explicitly using 'hibernate.dialect' (remove the property setting and it will be selected by default)
2026-05-12T02:30:17.889+03:00  INFO 18688 --- [           main] o.h.e.t.j.p.i.JtaPlatformInitiator       : HHH000489: No JTA platform available (set 'hibernate.transaction.jta.platform' to enable JTA platform integration)
Hibernate: 
    alter table if exists exhibition_artworks 
       drop constraint if exists FKaex8x0d8f1ovu737ffofdklju
Hibernate: 
    alter table if exists exhibition_artworks 
       drop constraint if exists FKlxyh7drml2yyxfewn5tdkev44
Hibernate: 
    alter table if exists user_auth_providers 
       drop constraint if exists FK36nn9pmlugyb6c34h3vakuai
Hibernate: 
    alter table if exists user_roles 
       drop constraint if exists FKh8ciramu9cc9q3qcqiv4ue8a6
Hibernate: 
    alter table if exists user_roles 
       drop constraint if exists FKhfh9dx7w3ubf1co1vdev94g3f
Hibernate: 
    drop table if exists artworks cascade
Hibernate: 
    drop table if exists comments cascade
Hibernate: 
    drop table if exists exhibition_artworks cascade
Hibernate: 
    drop table if exists exhibitions cascade
Hibernate: 
    drop table if exists favorites cascade
Hibernate: 
    drop table if exists orders cascade
Hibernate: 
    drop table if exists payments cascade
Hibernate: 
    drop table if exists roles cascade
Hibernate: 
    drop table if exists subscriptions cascade
Hibernate: 
    drop table if exists user_auth_providers cascade
Hibernate: 
    drop table if exists user_roles cascade
Hibernate: 
    drop table if exists users cascade
Hibernate: 
    drop table if exists wallet_transactions cascade
Hibernate: 
    create table artworks (
        is_sold boolean not null,
        price numeric(10,2) not null,
        author_id bigint not null,
        created_at timestamp(6) not null,
        id bigserial not null,
        views_count bigint not null,
        description TEXT,
        image_url TEXT not null,
        preview_url TEXT not null,
        title varchar(255) not null,
        image_data BYTEA,
        preview_data BYTEA,
        primary key (id)
    )
Hibernate: 
    create table comments (
        artwork_id bigint not null,
        created_at timestamp(6) not null,
        id bigserial not null,
        user_id bigint not null,
        content TEXT not null,
        primary key (id)
    )
Hibernate: 
    create table exhibition_artworks (
        artwork_id bigint not null,
        exhibition_id bigint not null,
        primary key (artwork_id, exhibition_id)
    )
Hibernate: 
    create table exhibitions (
        created_at timestamp(6) not null,
        created_by bigint,
        id bigserial not null,
        description TEXT,
        title varchar(255) not null,
        primary key (id)
    )
Hibernate: 
    create table favorites (
        artwork_id bigint not null,
        user_id bigint not null,
        primary key (artwork_id, user_id)
    )
Hibernate: 
    create table orders (
        total_price numeric(10,2) not null,
        artwork_id bigint not null,
        created_at timestamp(6) not null,
        id bigserial not null,
        user_id bigint not null,
        status varchar(50) not null check (status in ('PENDING','COMPLETED','CANCELLED')),
        primary key (id)
    )
Hibernate: 
    create table payments (
        amount numeric(10,2),
        created_at timestamp(6) not null,
        id bigserial not null,
        order_id bigint not null unique,
        payment_method varchar(50),
        status varchar(50) check (status in ('PENDING','SUCCESS','FAILED')),
        payment_details TEXT,
        transaction_id varchar(255),
        primary key (id)
    )
Hibernate: 
    create table roles (
        id bigserial not null,
        name varchar(50) not null unique,
        primary key (id)
    )
Hibernate: 
    create table subscriptions (
        artist_id bigint not null,
        created_at timestamp(6) not null,
        id bigserial not null,
        subscriber_id bigint not null,
        primary key (id),
        unique (subscriber_id, artist_id)
    )
Hibernate: 
    create table user_auth_providers (
        id bigserial not null,
        user_id bigint not null,
        provider varchar(50) not null check (provider in ('GOOGLE','GITHUB')),
        provider_user_id varchar(255) not null,
        primary key (id)
    )
Hibernate: 
    create table user_roles (
        role_id bigint not null,
        user_id bigint not null,
        primary key (role_id, user_id)
    )
Hibernate: 
    create table users (
        balance float(53) not null,
        created_at timestamp(6) not null,
        id bigserial not null,
        username varchar(100) not null,
        email varchar(255) not null unique,
        password_hash varchar(255) not null,
        primary key (id)
    )
Hibernate: 
    create table wallet_transactions (
        amount numeric(10,2) not null,
        balance_after numeric(10,2) not null,
        balance_before numeric(10,2) not null,
        created_at timestamp(6) not null,
        id bigserial not null,
        order_id bigint,
        user_id bigint not null,
        transaction_type varchar(50) not null check (transaction_type in ('DEPOSIT','WITHDRAWAL','PURCHASE','REFUND','ARTIST_EARNING')),
        description TEXT,
        primary key (id)
    )
Hibernate: 
    alter table if exists exhibition_artworks 
       add constraint FKaex8x0d8f1ovu737ffofdklju 
       foreign key (artwork_id) 
       references artworks
Hibernate: 
    alter table if exists exhibition_artworks 
       add constraint FKlxyh7drml2yyxfewn5tdkev44 
       foreign key (exhibition_id) 
       references exhibitions
Hibernate: 
    alter table if exists user_auth_providers 
       add constraint FK36nn9pmlugyb6c34h3vakuai 
       foreign key (user_id) 
       references users
Hibernate: 
    alter table if exists user_roles 
       add constraint FKh8ciramu9cc9q3qcqiv4ue8a6 
       foreign key (role_id) 
       references roles
Hibernate: 
    alter table if exists user_roles 
       add constraint FKhfh9dx7w3ubf1co1vdev94g3f 
       foreign key (user_id) 
       references users
2026-05-12T02:30:17.920+03:00  INFO 18688 --- [           main] j.LocalContainerEntityManagerFactoryBean : Initialized JPA EntityManagerFactory for persistence unit 'default'
2026-05-12T02:30:18.119+03:00  INFO 18688 --- [           main] c.d.i.repository.ArtworkRepositoryTest   : Started ArtworkRepositoryTest in 0.795 seconds (process running for 44.082)
Hibernate: 
    insert 
    into
        artworks
        (author_id, created_at, description, image_data, image_url, is_sold, preview_data, preview_url, price, title, views_count) 
    values
        (?, ?, ?, ?, ?, ?, ?, ?, ?, ?, ?)
]]></system-out>
  </testcase>
  <testcase name="findByIsSoldFalse_shouldReturnUnsoldArtworks" classname="com.digitalart.integration.repository.ArtworkRepositoryTest" time="0.217">
    <system-out><![CDATA[Hibernate: 
    insert 
    into
        artworks
        (author_id, created_at, description, image_data, image_url, is_sold, preview_data, preview_url, price, title, views_count) 
    values
        (?, ?, ?, ?, ?, ?, ?, ?, ?, ?, ?)
Hibernate: 
    insert 
    into
        artworks
        (author_id, created_at, description, image_data, image_url, is_sold, preview_data, preview_url, price, title, views_count) 
    values
        (?, ?, ?, ?, ?, ?, ?, ?, ?, ?, ?)
Hibernate: 
    insert 
    into
        artworks
        (author_id, created_at, description, image_data, image_url, is_sold, preview_data, preview_url, price, title, views_count) 
    values
        (?, ?, ?, ?, ?, ?, ?, ?, ?, ?, ?)
Hibernate: 
    select
        a1_0.id,
        a1_0.author_id,
        a1_0.created_at,
        a1_0.description,
        a1_0.image_data,
        a1_0.image_url,
        a1_0.is_sold,
        a1_0.preview_data,
        a1_0.preview_url,
        a1_0.price,
        a1_0.title,
        a1_0.views_count 
    from
        artworks a1_0 
    where
        not(a1_0.is_sold)
]]></system-out>
  </testcase>
  <testcase name="findByAuthorId_shouldReturnArtworks" classname="com.digitalart.integration.repository.ArtworkRepositoryTest" time="0.034">
    <system-out><![CDATA[Hibernate: 
    insert 
    into
        artworks
        (author_id, created_at, description, image_data, image_url, is_sold, preview_data, preview_url, price, title, views_count) 
    values
        (?, ?, ?, ?, ?, ?, ?, ?, ?, ?, ?)
Hibernate: 
    insert 
    into
        artworks
        (author_id, created_at, description, image_data, image_url, is_sold, preview_data, preview_url, price, title, views_count) 
    values
        (?, ?, ?, ?, ?, ?, ?, ?, ?, ?, ?)
Hibernate: 
    insert 
    into
        artworks
        (author_id, created_at, description, image_data, image_url, is_sold, preview_data, preview_url, price, title, views_count) 
    values
        (?, ?, ?, ?, ?, ?, ?, ?, ?, ?, ?)
Hibernate: 
    select
        a1_0.id,
        a1_0.author_id,
        a1_0.created_at,
        a1_0.description,
        a1_0.image_data,
        a1_0.image_url,
        a1_0.is_sold,
        a1_0.preview_data,
        a1_0.preview_url,
        a1_0.price,
        a1_0.title,
        a1_0.views_count 
    from
        artworks a1_0 
    where
        a1_0.author_id=?
]]></system-out>
  </testcase>
</testsuite>